0 info it worked if it ends with ok
1 verbose cli [ 'node',
1 verbose cli   '/usr/local/bin/npm',
1 verbose cli   'install',
1 verbose cli   'grunt-htmlhint',
1 verbose cli   '--save-dev' ]
2 info using npm@3.3.3
3 info using node@v0.12.7
4 silly loadCurrentTree Starting
5 silly install loadCurrentTree
6 silly install readLocalPackageData
7 silly fetchPackageMetaData grunt-htmlhint
8 silly fetchNamedPackageData grunt-htmlhint
9 silly mapToRegistry name grunt-htmlhint
10 silly mapToRegistry using default registry
11 silly mapToRegistry registry https://registry.npmjs.org/
12 silly mapToRegistry uri https://registry.npmjs.org/grunt-htmlhint
13 verbose request uri https://registry.npmjs.org/grunt-htmlhint
14 verbose request no auth needed
15 info attempt registry request try #1 at 11:21:44 AM
16 verbose request id d6a3e98fb3a157e7
17 http request GET https://registry.npmjs.org/grunt-htmlhint
18 http 200 https://registry.npmjs.org/grunt-htmlhint
19 silly get cb [ 200,
19 silly get   { server: 'CouchDB/1.5.0 (Erlang OTP/R16B03)',
19 silly get     etag: '"9NLARXZ0S3WF2NFI4TTGCJUTX"',
19 silly get     'content-type': 'application/json',
19 silly get     'cache-control': 'max-age=300',
19 silly get     'content-length': '11120',
19 silly get     'accept-ranges': 'bytes',
19 silly get     date: 'Sun, 03 Apr 2016 03:21:46 GMT',
19 silly get     via: '1.1 varnish',
19 silly get     age: '0',
19 silly get     connection: 'keep-alive',
19 silly get     'x-served-by': 'cache-sin6921-SIN',
19 silly get     'x-cache': 'MISS',
19 silly get     'x-cache-hits': '0',
19 silly get     'x-timer': 'S1459653706.001586,VS0,VE857',
19 silly get     vary: 'Accept' } ]
20 verbose get saving grunt-htmlhint to /Users/krispymallows/.npm/registry.npmjs.org/grunt-htmlhint/.cache.json
21 silly install normalizeTree
22 silly loadCurrentTree Finishing
23 silly loadIdealTree Starting
24 silly install loadIdealTree
25 silly cloneCurrentTree Starting
26 silly install cloneCurrentTreeToIdealTree
27 silly cloneCurrentTree Finishing
28 silly loadShrinkwrap Starting
29 silly install loadShrinkwrap
30 silly loadShrinkwrap Finishing
31 silly loadAllDepsIntoIdealTree Starting
32 silly install loadAllDepsIntoIdealTree
33 silly resolveWithNewModule grunt-htmlhint@0.9.9 checking installable status
34 silly cache add args [ 'grunt-htmlhint', null ]
35 verbose cache add spec grunt-htmlhint
36 silly cache add parsed spec { raw: 'grunt-htmlhint',
36 silly cache add   scope: null,
36 silly cache add   name: 'grunt-htmlhint',
36 silly cache add   rawSpec: '',
36 silly cache add   spec: '*',
36 silly cache add   type: 'range' }
37 silly addNamed grunt-htmlhint@*
38 verbose addNamed "*" is a valid semver range for grunt-htmlhint
39 silly addNameRange { name: 'grunt-htmlhint', range: '*', hasData: false }
40 silly mapToRegistry name grunt-htmlhint
41 silly mapToRegistry using default registry
42 silly mapToRegistry registry https://registry.npmjs.org/
43 silly mapToRegistry uri https://registry.npmjs.org/grunt-htmlhint
44 verbose addNameRange registry:https://registry.npmjs.org/grunt-htmlhint not in flight; fetching
45 verbose get https://registry.npmjs.org/grunt-htmlhint not expired, no request
46 silly addNameRange number 2 { name: 'grunt-htmlhint', range: '*', hasData: true }
47 silly addNameRange versions [ 'grunt-htmlhint',
47 silly addNameRange   [ '0.4.0', '0.4.1', '0.9.8', '0.9.9', '0.9.12', '0.9.12-fix' ] ]
48 silly addNamed grunt-htmlhint@0.9.12
49 verbose addNamed "0.9.12" is a plain semver version for grunt-htmlhint
50 silly mapToRegistry name grunt-htmlhint
51 silly mapToRegistry using default registry
52 silly mapToRegistry registry https://registry.npmjs.org/
53 silly mapToRegistry uri https://registry.npmjs.org/grunt-htmlhint
54 verbose addRemoteTarball https://registry.npmjs.org/grunt-htmlhint/-/grunt-htmlhint-0.9.12.tgz not in flight; adding
55 verbose addRemoteTarball [ 'https://registry.npmjs.org/grunt-htmlhint/-/grunt-htmlhint-0.9.12.tgz',
55 verbose addRemoteTarball   '3436b6748804a5d9b9ef7cbdaee11c32954b9412' ]
56 info retry fetch attempt 1 at 11:21:47 AM
57 info attempt registry request try #1 at 11:21:47 AM
58 http fetch GET https://registry.npmjs.org/grunt-htmlhint/-/grunt-htmlhint-0.9.12.tgz
59 http fetch 200 https://registry.npmjs.org/grunt-htmlhint/-/grunt-htmlhint-0.9.12.tgz
60 silly fetchAndShaCheck shasum 3436b6748804a5d9b9ef7cbdaee11c32954b9412
61 verbose addTmpTarball /var/folders/lp/hzkl6mb96nx30b8p421vzhdh0000gn/T/npm-14280-f57eae84/registry.npmjs.org/grunt-htmlhint/-/grunt-htmlhint-0.9.12.tgz not in flight; adding
62 verbose addTmpTarball already have metadata; skipping unpack for grunt-htmlhint@0.9.12
63 silly cache afterAdd grunt-htmlhint@0.9.12
64 verbose afterAdd /Users/krispymallows/.npm/grunt-htmlhint/0.9.12/package/package.json not in flight; writing
65 verbose afterAdd /Users/krispymallows/.npm/grunt-htmlhint/0.9.12/package/package.json written
66 silly rollbackFailedOptional Starting
67 silly rollbackFailedOptional Finishing
68 silly runTopLevelLifecycles Starting
69 silly runTopLevelLifecycles Finishing
70 silly install printInstalled
71 verbose stack Error: Error extracting /Users/krispymallows/.npm/grunt-htmlhint/0.9.9/package.tgz archive: ENOENT, open '/Users/krispymallows/.npm/grunt-htmlhint/0.9.9/package.tgz'
71 verbose stack     at ReadStream.<anonymous> (/usr/local/lib/node_modules/npm/lib/fetch-package-metadata.js:276:10)
71 verbose stack     at ReadStream.emit (events.js:107:17)
71 verbose stack     at /usr/local/lib/node_modules/npm/node_modules/graceful-fs/graceful-fs.js:179:14
71 verbose stack     at /usr/local/lib/node_modules/npm/node_modules/graceful-fs/graceful-fs.js:230:16
71 verbose stack     at FSReqWrap.oncomplete (fs.js:95:15)
72 verbose cwd /Users/krispymallows/Dropbox/Server/Workspaces/template-matrimony/app
73 error Darwin 14.3.0
74 error argv "node" "/usr/local/bin/npm" "install" "grunt-htmlhint" "--save-dev"
75 error node v0.12.7
76 error npm  v3.3.3
77 error code EREADFILE
78 error Error extracting /Users/krispymallows/.npm/grunt-htmlhint/0.9.9/package.tgz archive: ENOENT, open '/Users/krispymallows/.npm/grunt-htmlhint/0.9.9/package.tgz'
79 error If you need help, you may report this error at:
79 error     <https://github.com/npm/npm/issues>
80 verbose exit [ 1, true ]
